<?xml version="1.0" encoding="UTF-8"?>
<!-- Generated by org.testng.reporters.JUnitReportReporter -->
<testsuite hostname="DESKTOP-I59386F" failures="0" tests="1" name="testCases.Tc3Test" time="0.007" errors="0" timestamp="2023-10-02T10:22:03 IST" skipped="0">
  <testcase classname="testCases.Tc3Test" name="m3" time="0.007"/>
  <system-out/>
</testsuite> <!-- testCases.Tc3Test -->
