<?xml version="1.0" encoding="UTF-8"?>
<!-- Generated by org.testng.reporters.JUnitReportReporter -->
<testsuite hostname="DESKTOP-I59386F" failures="0" tests="2" name="testCases.Tc2Test" time="0.020" errors="0" timestamp="2023-10-02T10:22:03 IST" skipped="0">
  <testcase classname="testCases.Tc2Test" name="m2" time="0.017"/>
  <system-out/>
  <testcase classname="testCases.Tc2Test" name="m4" time="0.003"/>
  <system-out/>
</testsuite> <!-- testCases.Tc2Test -->
